c:\users\sharg_000\documents\thirdpersonshooter_gl\thirdpersonshooter_gl\thirdpersonshooter_gl\release\vc140.pdb
c:\users\sharg_000\documents\thirdpersonshooter_gl\thirdpersonshooter_gl\thirdpersonshooter_gl\release\player_controller.obj
c:\users\sharg_000\documents\thirdpersonshooter_gl\thirdpersonshooter_gl\thirdpersonshooter_gl\release\physics_debug_drawer.obj
c:\users\sharg_000\documents\thirdpersonshooter_gl\thirdpersonshooter_gl\thirdpersonshooter_gl\release\physics_body.obj
c:\users\sharg_000\documents\thirdpersonshooter_gl\thirdpersonshooter_gl\thirdpersonshooter_gl\release\physics_world.obj
c:\users\sharg_000\documents\thirdpersonshooter_gl\thirdpersonshooter_gl\thirdpersonshooter_gl\release\model.obj
c:\users\sharg_000\documents\thirdpersonshooter_gl\thirdpersonshooter_gl\thirdpersonshooter_gl\release\mesh.obj
c:\users\sharg_000\documents\thirdpersonshooter_gl\thirdpersonshooter_gl\thirdpersonshooter_gl\release\level_manager.obj
c:\users\sharg_000\documents\thirdpersonshooter_gl\thirdpersonshooter_gl\thirdpersonshooter_gl\release\image.obj
c:\users\sharg_000\documents\thirdpersonshooter_gl\thirdpersonshooter_gl\thirdpersonshooter_gl\release\graphics.obj
c:\users\sharg_000\documents\thirdpersonshooter_gl\thirdpersonshooter_gl\thirdpersonshooter_gl\release\game.obj
c:\users\sharg_000\documents\thirdpersonshooter_gl\thirdpersonshooter_gl\thirdpersonshooter_gl\release\entity_manager.obj
c:\users\sharg_000\documents\thirdpersonshooter_gl\thirdpersonshooter_gl\thirdpersonshooter_gl\release\entity.obj
c:\users\sharg_000\documents\thirdpersonshooter_gl\thirdpersonshooter_gl\thirdpersonshooter_gl\release\enemy_controller.obj
c:\users\sharg_000\documents\thirdpersonshooter_gl\thirdpersonshooter_gl\thirdpersonshooter_gl\release\drawable_component.obj
c:\users\sharg_000\documents\thirdpersonshooter_gl\thirdpersonshooter_gl\thirdpersonshooter_gl\release\controller_component.obj
c:\users\sharg_000\documents\thirdpersonshooter_gl\thirdpersonshooter_gl\thirdpersonshooter_gl\release\component.obj
c:\users\sharg_000\documents\thirdpersonshooter_gl\thirdpersonshooter_gl\thirdpersonshooter_gl\release\camera.obj
c:\users\sharg_000\documents\thirdpersonshooter_gl\thirdpersonshooter_gl\thirdpersonshooter_gl\release\asset_loader.obj
c:\users\sharg_000\documents\thirdpersonshooter_gl\thirdpersonshooter_gl\thirdpersonshooter_gl\release\animation_controller.obj
c:\users\sharg_000\documents\thirdpersonshooter_gl\thirdpersonshooter_gl\thirdpersonshooter_gl\release\camera_controller.obj
c:\users\sharg_000\documents\thirdpersonshooter_gl\thirdpersonshooter_gl\thirdpersonshooter_gl\release\transform.obj
c:\users\sharg_000\documents\thirdpersonshooter_gl\thirdpersonshooter_gl\thirdpersonshooter_gl\release\spawn.obj
c:\users\sharg_000\documents\thirdpersonshooter_gl\thirdpersonshooter_gl\thirdpersonshooter_gl\release\skybox.obj
c:\users\sharg_000\documents\thirdpersonshooter_gl\thirdpersonshooter_gl\thirdpersonshooter_gl\release\skeleton.obj
c:\users\sharg_000\documents\thirdpersonshooter_gl\thirdpersonshooter_gl\thirdpersonshooter_gl\thirdpersonshooter_gl.exe
c:\users\sharg_000\documents\thirdpersonshooter_gl\thirdpersonshooter_gl\thirdpersonshooter_gl\thirdpersonshooter_gl.ipdb
c:\users\sharg_000\documents\thirdpersonshooter_gl\thirdpersonshooter_gl\thirdpersonshooter_gl\thirdpersonshooter_gl.iobj
c:\users\sharg_000\documents\thirdpersonshooter_gl\thirdpersonshooter_gl\thirdpersonshooter_gl\thirdpersonshooter_gl.pdb
c:\users\sharg_000\documents\thirdpersonshooter_gl\thirdpersonshooter_gl\thirdpersonshooter_gl\thirdpersonshooter_gl.lib
c:\users\sharg_000\documents\thirdpersonshooter_gl\thirdpersonshooter_gl\thirdpersonshooter_gl\thirdpersonshooter_gl.exp
c:\users\sharg_000\documents\thirdpersonshooter_gl\thirdpersonshooter_gl\thirdpersonshooter_gl\.\thirdpersonshooter_gl.exe
c:\users\sharg_000\documents\thirdpersonshooter_gl\thirdpersonshooter_gl\thirdpersonshooter_gl\release\thirdper.ff24f5e5.tlog\cl.command.1.tlog
c:\users\sharg_000\documents\thirdpersonshooter_gl\thirdpersonshooter_gl\thirdpersonshooter_gl\release\thirdper.ff24f5e5.tlog\cl.read.1.tlog
c:\users\sharg_000\documents\thirdpersonshooter_gl\thirdpersonshooter_gl\thirdpersonshooter_gl\release\thirdper.ff24f5e5.tlog\cl.write.1.tlog
c:\users\sharg_000\documents\thirdpersonshooter_gl\thirdpersonshooter_gl\thirdpersonshooter_gl\release\thirdper.ff24f5e5.tlog\link.command.1.tlog
c:\users\sharg_000\documents\thirdpersonshooter_gl\thirdpersonshooter_gl\thirdpersonshooter_gl\release\thirdper.ff24f5e5.tlog\link.read.1.tlog
c:\users\sharg_000\documents\thirdpersonshooter_gl\thirdpersonshooter_gl\thirdpersonshooter_gl\release\thirdper.ff24f5e5.tlog\link.write.1.tlog
c:\users\sharg_000\documents\thirdpersonshooter_gl\thirdpersonshooter_gl\thirdpersonshooter_gl\release\thirdper.ff24f5e5.tlog\thirdpersonshooter_gl.write.1u.tlog
