c:\users\sharg_000\documents\thirdpersonshooter_gl\thirdpersonshooter_gl\thirdpersonshooter_gl\debug\vc140.pdb
c:\users\sharg_000\documents\thirdpersonshooter_gl\thirdpersonshooter_gl\thirdpersonshooter_gl\debug\vc140.idb
c:\users\sharg_000\documents\thirdpersonshooter_gl\thirdpersonshooter_gl\thirdpersonshooter_gl\debug\graphics.obj
c:\users\sharg_000\documents\thirdpersonshooter_gl\thirdpersonshooter_gl\thirdpersonshooter_gl\debug\game.obj
c:\users\sharg_000\documents\thirdpersonshooter_gl\thirdpersonshooter_gl\thirdpersonshooter_gl\debug\camera.obj
c:\users\sharg_000\documents\thirdpersonshooter_gl\thirdpersonshooter_gl\thirdpersonshooter_gl\debug\mesh.obj
c:\users\sharg_000\documents\thirdpersonshooter_gl\thirdpersonshooter_gl\thirdpersonshooter_gl\debug\model.obj
c:\users\sharg_000\documents\thirdpersonshooter_gl\thirdpersonshooter_gl\thirdpersonshooter_gl\debug\asset_loader.obj
c:\users\sharg_000\documents\thirdpersonshooter_gl\thirdpersonshooter_gl\thirdpersonshooter_gl\debug\entity.obj
c:\users\sharg_000\documents\thirdpersonshooter_gl\thirdpersonshooter_gl\thirdpersonshooter_gl\debug\vertex.obj
c:\users\sharg_000\documents\thirdpersonshooter_gl\thirdpersonshooter_gl\thirdpersonshooter_gl\debug\bone.obj
c:\users\sharg_000\documents\thirdpersonshooter_gl\thirdpersonshooter_gl\thirdpersonshooter_gl\debug\component.obj
c:\users\sharg_000\documents\thirdpersonshooter_gl\thirdpersonshooter_gl\thirdpersonshooter_gl\debug\drawable_component.obj
c:\users\sharg_000\documents\thirdpersonshooter_gl\thirdpersonshooter_gl\thirdpersonshooter_gl\debug\transform.obj
c:\users\sharg_000\documents\thirdpersonshooter_gl\thirdpersonshooter_gl\thirdpersonshooter_gl\debug\physics_debug_drawer.obj
c:\users\sharg_000\documents\thirdpersonshooter_gl\thirdpersonshooter_gl\thirdpersonshooter_gl\debug\physics_body.obj
c:\users\sharg_000\documents\thirdpersonshooter_gl\thirdpersonshooter_gl\thirdpersonshooter_gl\debug\physics_world.obj
c:\users\sharg_000\documents\thirdpersonshooter_gl\thirdpersonshooter_gl\thirdpersonshooter_gl\debug\entity_manager.obj
c:\users\sharg_000\documents\thirdpersonshooter_gl\thirdpersonshooter_gl\thirdpersonshooter_gl\debug\level.obj
c:\users\sharg_000\documents\thirdpersonshooter_gl\thirdpersonshooter_gl\thirdpersonshooter_gl\debug\level_manager.obj
c:\users\sharg_000\documents\thirdpersonshooter_gl\thirdpersonshooter_gl\thirdpersonshooter_gl\debug\controller_component.obj
c:\users\sharg_000\documents\thirdpersonshooter_gl\thirdpersonshooter_gl\thirdpersonshooter_gl\debug\player_controller.obj
c:\users\sharg_000\documents\thirdpersonshooter_gl\thirdpersonshooter_gl\thirdpersonshooter_gl\debug\animation_controller.obj
c:\users\sharg_000\documents\thirdpersonshooter_gl\thirdpersonshooter_gl\thirdpersonshooter_gl\debug\skeleton.obj
c:\users\sharg_000\documents\thirdpersonshooter_gl\thirdpersonshooter_gl\thirdpersonshooter_gl\debug\skybox.obj
c:\users\sharg_000\documents\thirdpersonshooter_gl\thirdpersonshooter_gl\thirdpersonshooter_gl\debug\spawn.obj
c:\users\sharg_000\documents\thirdpersonshooter_gl\thirdpersonshooter_gl\thirdpersonshooter_gl\debug\camera_movement.obj
c:\users\sharg_000\documents\thirdpersonshooter_gl\thirdpersonshooter_gl\thirdpersonshooter_gl\debug\camera_controller.obj
c:\users\sharg_000\documents\thirdpersonshooter_gl\thirdpersonshooter_gl\debug\thirdpersonshooter_gl.ilk
c:\users\sharg_000\documents\thirdpersonshooter_gl\thirdpersonshooter_gl\debug\thirdpersonshooter_gl.exe
c:\users\sharg_000\documents\thirdpersonshooter_gl\thirdpersonshooter_gl\debug\thirdpersonshooter_gl.pdb
c:\users\sharg_000\documents\thirdpersonshooter_gl\thirdpersonshooter_gl\debug\thirdpersonshooter_gl.lib
c:\users\sharg_000\documents\thirdpersonshooter_gl\thirdpersonshooter_gl\debug\thirdpersonshooter_gl.exp
c:\users\sharg_000\documents\thirdpersonshooter_gl\thirdpersonshooter_gl\thirdpersonshooter_gl\debug\thirdpersonshooter_gl.vcxprojresolveassemblyreference.cache
c:\users\sharg_000\documents\thirdpersonshooter_gl\thirdpersonshooter_gl\thirdpersonshooter_gl\debug\thirdper.ff24f5e5.tlog\cl.command.1.tlog
c:\users\sharg_000\documents\thirdpersonshooter_gl\thirdpersonshooter_gl\thirdpersonshooter_gl\debug\thirdper.ff24f5e5.tlog\cl.read.1.tlog
c:\users\sharg_000\documents\thirdpersonshooter_gl\thirdpersonshooter_gl\thirdpersonshooter_gl\debug\thirdper.ff24f5e5.tlog\cl.write.1.tlog
c:\users\sharg_000\documents\thirdpersonshooter_gl\thirdpersonshooter_gl\thirdpersonshooter_gl\debug\thirdper.ff24f5e5.tlog\link.command.1.tlog
c:\users\sharg_000\documents\thirdpersonshooter_gl\thirdpersonshooter_gl\thirdpersonshooter_gl\debug\thirdper.ff24f5e5.tlog\link.read.1.tlog
c:\users\sharg_000\documents\thirdpersonshooter_gl\thirdpersonshooter_gl\thirdpersonshooter_gl\debug\thirdper.ff24f5e5.tlog\link.write.1.tlog
c:\users\sharg_000\documents\thirdpersonshooter_gl\thirdpersonshooter_gl\thirdpersonshooter_gl\debug\thirdper.ff24f5e5.tlog\thirdpersonshooter_gl.write.1u.tlog
